TN:
SF:/home/mrmr/Repositories/node-microservice/server/index.js
FN:68,startServer
FN:69,(anonymous_3)
FNF:2
FNH:2
FNDA:1,startServer
FNDA:1,(anonymous_3)
DA:5,1
DA:11,1
DA:17,1
DA:23,1
DA:29,1
DA:35,1
DA:41,1
DA:47,1
DA:52,1
DA:57,1
DA:62,1
DA:68,1
DA:69,1
DA:70,1
DA:77,1
DA:83,1
LF:16
LH:16
BRF:0
BRH:0
end_of_record
TN:
SF:/home/mrmr/Repositories/node-microservice/server/api/service/index.js
FNF:0
FNH:0
DA:1,1
DA:5,1
DA:8,1
DA:9,1
LF:4
LH:4
BRF:0
BRH:0
end_of_record
TN:
SF:/home/mrmr/Repositories/node-microservice/server/api/service/index.spec.js
FN:23,Router
FN:31,(anonymous_3)
FN:33,(anonymous_4)
FN:35,(anonymous_5)
FN:43,(anonymous_6)
FN:45,(anonymous_7)
FN:53,(anonymous_8)
FN:55,(anonymous_9)
FN:61,(anonymous_10)
FN:69,(anonymous_11)
FN:71,(anonymous_12)
FN:77,(anonymous_13)
FN:85,(anonymous_14)
FN:87,(anonymous_15)
FN:93,(anonymous_16)
FNF:15
FNH:14
FNDA:0,Router
FNDA:1,(anonymous_3)
FNDA:1,(anonymous_4)
FNDA:1,(anonymous_5)
FNDA:1,(anonymous_6)
FNDA:1,(anonymous_7)
FNDA:1,(anonymous_8)
FNDA:1,(anonymous_9)
FNDA:1,(anonymous_10)
FNDA:1,(anonymous_11)
FNDA:1,(anonymous_12)
FNDA:1,(anonymous_13)
FNDA:1,(anonymous_14)
FNDA:1,(anonymous_15)
FNDA:1,(anonymous_16)
DA:3,1
DA:4,1
DA:5,1
DA:7,1
DA:15,1
DA:22,1
DA:25,0
DA:31,1
DA:33,1
DA:35,1
DA:36,1
DA:43,1
DA:45,1
DA:46,1
DA:53,1
DA:55,1
DA:56,1
DA:61,1
DA:62,1
DA:69,1
DA:71,1
DA:72,1
DA:77,1
DA:78,1
DA:85,1
DA:87,1
DA:88,1
DA:93,1
DA:94,1
LF:29
LH:28
BRF:0
BRH:0
end_of_record
TN:
SF:/home/mrmr/Repositories/node-microservice/server/api/service/service.controller.js
FN:6,(anonymous_9)
FN:7,(anonymous_10)
FN:12,(anonymous_12)
FN:13,(anonymous_13)
FN:20,(anonymous_15)
FN:21,(anonymous_16)
FN:29,(anonymous_18)
FN:30,(anonymous_19)
FN:37,(anonymous_21)
FN:38,(anonymous_22)
FNF:10
FNH:4
FNDA:1,(anonymous_9)
FNDA:0,(anonymous_10)
FNDA:1,(anonymous_12)
FNDA:0,(anonymous_13)
FNDA:1,(anonymous_15)
FNDA:0,(anonymous_16)
FNDA:0,(anonymous_18)
FNDA:0,(anonymous_19)
FNDA:1,(anonymous_21)
FNDA:0,(anonymous_22)
DA:1,1
DA:5,1
DA:6,1
DA:7,0
DA:11,1
DA:12,1
DA:13,0
DA:17,1
DA:19,1
DA:20,1
DA:21,0
DA:25,0
DA:26,0
DA:28,0
DA:29,0
DA:30,0
DA:34,1
DA:36,1
DA:37,1
DA:38,0
LF:20
LH:11
BRF:0
BRH:0
end_of_record
TN:
SF:/home/mrmr/Repositories/node-microservice/server/api/service/service.controller.spec.js
FN:9,(anonymous_2)
FN:11,(anonymous_3)
FN:14,(anonymous_4)
FN:19,(anonymous_5)
FN:28,(anonymous_6)
FN:34,(anonymous_7)
FN:36,(anonymous_8)
FN:44,(anonymous_9)
FN:53,(anonymous_10)
FN:59,(anonymous_11)
FN:62,(anonymous_12)
FN:67,(anonymous_13)
FN:76,(anonymous_14)
FN:80,(anonymous_15)
FN:86,(anonymous_16)
FN:88,(anonymous_17)
FN:92,(anonymous_18)
FNF:17
FNH:17
FNDA:1,(anonymous_2)
FNDA:1,(anonymous_3)
FNDA:1,(anonymous_4)
FNDA:1,(anonymous_5)
FNDA:1,(anonymous_6)
FNDA:1,(anonymous_7)
FNDA:1,(anonymous_8)
FNDA:1,(anonymous_9)
FNDA:1,(anonymous_10)
FNDA:1,(anonymous_11)
FNDA:1,(anonymous_12)
FNDA:1,(anonymous_13)
FNDA:1,(anonymous_14)
FNDA:1,(anonymous_15)
FNDA:1,(anonymous_16)
FNDA:1,(anonymous_17)
FNDA:1,(anonymous_18)
DA:3,1
DA:4,1
DA:5,1
DA:7,1
DA:9,1
DA:11,1
DA:12,1
DA:14,1
DA:15,1
DA:20,1
DA:21,0
DA:23,1
DA:24,1
DA:28,1
DA:29,1
DA:34,1
DA:36,1
DA:37,1
DA:45,1
DA:46,0
DA:48,1
DA:49,1
DA:53,1
DA:54,1
DA:59,1
DA:60,1
DA:62,1
DA:63,1
DA:68,1
DA:69,0
DA:71,1
DA:72,1
DA:76,1
DA:77,1
DA:80,1
DA:81,1
DA:86,1
DA:88,1
DA:89,1
DA:93,1
DA:94,0
DA:96,1
LF:42
LH:38
BRDA:20,1,0,0
BRDA:20,1,1,1
BRDA:45,2,0,0
BRDA:45,2,1,1
BRDA:68,3,0,0
BRDA:68,3,1,1
BRDA:93,4,0,0
BRDA:93,4,1,1
BRF:8
BRH:4
end_of_record
TN:
SF:/home/mrmr/Repositories/node-microservice/server/api/service/service.dao.js
FN:6,(anonymous_2)
FN:7,(anonymous_3)
FN:11,(anonymous_4)
FN:17,(anonymous_5)
FN:18,(anonymous_6)
FN:24,(anonymous_7)
FN:30,(anonymous_8)
FN:31,(anonymous_9)
FN:38,(anonymous_10)
FN:44,(anonymous_11)
FN:45,(anonymous_12)
FN:55,(anonymous_13)
FN:61,(anonymous_14)
FN:62,(anonymous_15)
FN:68,(anonymous_16)
FNF:15
FNH:12
FNDA:2,(anonymous_2)
FNDA:2,(anonymous_3)
FNDA:2,(anonymous_4)
FNDA:1,(anonymous_5)
FNDA:1,(anonymous_6)
FNDA:1,(anonymous_7)
FNDA:33,(anonymous_8)
FNDA:33,(anonymous_9)
FNDA:32,(anonymous_10)
FNDA:0,(anonymous_11)
FNDA:0,(anonymous_12)
FNDA:0,(anonymous_13)
FNDA:3,(anonymous_14)
FNDA:3,(anonymous_15)
FNDA:2,(anonymous_16)
DA:1,1
DA:2,1
DA:3,1
DA:4,1
DA:6,1
DA:7,2
DA:8,2
DA:10,2
DA:12,2
DA:17,1
DA:18,1
DA:19,1
DA:20,0
DA:23,1
DA:25,1
DA:30,1
DA:31,33
DA:32,33
DA:33,1
DA:36,32
DA:38,32
DA:39,32
DA:44,1
DA:45,0
DA:46,0
DA:47,0
DA:50,0
DA:51,0
DA:54,0
DA:56,0
DA:61,1
DA:62,3
DA:63,3
DA:64,1
DA:67,2
DA:69,2
DA:74,1
LF:37
LH:29
BRDA:12,1,0,0
BRDA:12,1,1,2
BRDA:19,2,0,0
BRDA:25,3,0,0
BRDA:25,3,1,1
BRDA:32,4,0,1
BRDA:39,5,0,0
BRDA:39,5,1,32
BRDA:46,6,0,0
BRDA:50,7,0,0
BRDA:56,8,0,0
BRDA:56,8,1,0
BRDA:63,9,0,1
BRDA:69,10,0,0
BRDA:69,10,1,2
BRF:15
BRH:6
end_of_record
TN:
SF:/home/mrmr/Repositories/node-microservice/server/api/service/service.dao.spec.js
FN:8,(anonymous_2)
FN:9,(anonymous_3)
FN:13,(anonymous_4)
FN:17,(anonymous_5)
FN:18,(anonymous_6)
FN:21,(anonymous_7)
FN:22,(anonymous_8)
FN:24,(anonymous_9)
FN:25,(anonymous_10)
FN:28,(anonymous_11)
FN:29,_onSuccess
FN:36,_onError
FN:46,(anonymous_14)
FN:47,(anonymous_15)
FN:49,_onSuccess
FN:52,_onError
FN:62,(anonymous_18)
FN:64,_onSuccess
FN:71,_onError
FN:81,(anonymous_21)
FN:82,(anonymous_22)
FN:84,(anonymous_23)
FN:85,(anonymous_24)
FN:88,(anonymous_25)
FN:90,_onSuccess
FN:93,_onError
FN:103,(anonymous_28)
FN:105,_onSuccess
FN:109,_onError
FNF:29
FNH:22
FNDA:1,(anonymous_2)
FNDA:1,(anonymous_3)
FNDA:1,(anonymous_4)
FNDA:5,(anonymous_5)
FNDA:5,(anonymous_6)
FNDA:1,(anonymous_7)
FNDA:1,(anonymous_8)
FNDA:1,(anonymous_9)
FNDA:0,(anonymous_10)
FNDA:1,(anonymous_11)
FNDA:1,_onSuccess
FNDA:0,_onError
FNDA:1,(anonymous_14)
FNDA:1,(anonymous_15)
FNDA:0,_onSuccess
FNDA:1,_onError
FNDA:1,(anonymous_18)
FNDA:1,_onSuccess
FNDA:0,_onError
FNDA:1,(anonymous_21)
FNDA:2,(anonymous_22)
FNDA:2,(anonymous_23)
FNDA:0,(anonymous_24)
FNDA:1,(anonymous_25)
FNDA:0,_onSuccess
FNDA:1,_onError
FNDA:1,(anonymous_28)
FNDA:1,_onSuccess
FNDA:0,_onError
DA:1,1
DA:2,1
DA:4,1
DA:5,1
DA:8,1
DA:9,1
DA:10,1
DA:13,1
DA:14,1
DA:17,1
DA:18,5
DA:21,1
DA:22,1
DA:23,1
DA:24,1
DA:25,0
DA:28,1
DA:29,1
DA:30,1
DA:31,1
DA:32,1
DA:34,1
DA:36,1
DA:40,1
DA:46,1
DA:47,1
DA:48,1
DA:49,1
DA:52,1
DA:53,1
DA:54,1
DA:57,1
DA:62,1
DA:63,1
DA:64,1
DA:65,1
DA:66,1
DA:67,1
DA:69,1
DA:71,1
DA:72,0
DA:75,1
DA:81,1
DA:82,1
DA:83,2
DA:84,2
DA:85,0
DA:88,1
DA:89,1
DA:90,1
DA:91,0
DA:93,1
DA:94,1
DA:95,1
DA:98,1
DA:103,1
DA:104,1
DA:105,1
DA:106,1
DA:107,1
DA:109,1
DA:110,0
DA:113,1
LF:63
LH:58
BRF:0
BRH:0
end_of_record
TN:
SF:/home/mrmr/Repositories/node-microservice/server/api/service/service.model.js
FNF:0
FNH:0
DA:1,1
DA:3,1
LF:2
LH:2
BRF:0
BRH:0
end_of_record
TN:
SF:/home/mrmr/Repositories/node-microservice/server/config/app.conf.js
FNF:0
FNH:0
DA:1,1
DA:2,1
DA:3,1
DA:4,1
DA:5,1
DA:9,1
DA:10,1
DA:12,1
DA:13,1
DA:14,1
DA:15,1
DA:16,1
LF:12
LH:12
BRF:0
BRH:0
end_of_record
TN:
SF:/home/mrmr/Repositories/node-microservice/server/config/db.conf.js
FN:7,(anonymous_1)
FN:7,defineProperties
FN:7,(anonymous_3)
FN:21,_interopRequireDefault
FN:23,_classCallCheck
FN:27,(anonymous_6)
FN:28,DBConfig
FN:34,init
FNF:8
FNH:6
FNDA:1,(anonymous_1)
FNDA:1,defineProperties
FNDA:1,(anonymous_3)
FNDA:3,_interopRequireDefault
FNDA:0,_classCallCheck
FNDA:1,(anonymous_6)
FNDA:0,DBConfig
FNDA:1,init
DA:3,1
DA:7,1
DA:9,1
DA:11,1
DA:13,1
DA:15,1
DA:17,1
DA:19,1
DA:21,3
DA:23,0
DA:25,1
DA:27,1
DA:29,0
DA:32,1
DA:35,1
DA:36,1
DA:40,1
DA:43,1
LF:18
LH:16
BRDA:7,1,0,1
BRDA:7,1,1,1
BRDA:7,2,0,1
BRDA:7,2,1,0
BRDA:7,3,0,0
BRDA:7,3,1,1
BRDA:7,4,0,1
BRDA:7,4,1,0
BRDA:21,5,0,1
BRDA:21,5,1,2
BRDA:21,6,0,3
BRDA:21,6,1,3
BRDA:23,7,0,0
BRDA:23,7,1,0
BRF:14
BRH:9
end_of_record
TN:
SF:/home/mrmr/Repositories/node-microservice/server/config/db.conf.test.js
FN:5,(anonymous_2)
FN:8,(anonymous_3)
FN:11,(anonymous_4)
FN:15,(anonymous_5)
FN:16,(anonymous_6)
FNF:5
FNH:4
FNDA:1,(anonymous_2)
FNDA:0,(anonymous_3)
FNDA:1,(anonymous_4)
FNDA:3,(anonymous_5)
FNDA:3,(anonymous_6)
DA:1,1
DA:2,1
DA:3,1
DA:5,1
DA:6,1
DA:7,1
DA:8,1
DA:11,1
DA:12,1
DA:15,1
DA:16,3
DA:17,3
DA:18,30
DA:20,3
LF:14
LH:14
BRF:0
BRH:0
end_of_record
TN:
SF:/home/mrmr/Repositories/node-microservice/server/config/routes.conf.js
FN:10,(anonymous_9)
FNF:1
FNH:0
FNDA:0,(anonymous_9)
DA:1,1
DA:5,1
DA:7,1
DA:9,1
DA:11,0
DA:12,0
DA:16,1
LF:7
LH:5
BRF:0
BRH:0
end_of_record
TN:
SF:/home/mrmr/Repositories/node-microservice/server/config/env/development.js
FNF:0
FNH:0
DA:5,1
LF:1
LH:1
BRF:0
BRH:0
end_of_record
TN:
SF:/home/mrmr/Repositories/node-microservice/server/config/env/index.js
FN:7,requiredProcessEnv
FNF:1
FNH:0
FNDA:0,requiredProcessEnv
DA:3,1
DA:4,1
DA:6,1
DA:7,1
DA:8,0
DA:9,0
DA:11,0
DA:16,1
DA:40,1
LF:9
LH:6
BRDA:6,1,0,1
BRDA:6,1,1,0
BRDA:8,2,0,0
BRDA:8,2,1,0
BRDA:23,3,0,1
BRDA:23,3,1,1
BRDA:26,4,0,1
BRDA:26,4,1,1
BRF:8
BRH:5
end_of_record
